#
# There is insufficient memory for the Java Runtime Environment to continue.
# Native memory allocation (mmap) failed to map 106954752 bytes for Failed to commit area from 0x0000000622e00000 to 0x0000000629400000 of length 106954752.
# Possible reasons:
#   The system is out of physical RAM or swap space
#   The process is running with CompressedOops enabled, and the Java Heap may be blocking the growth of the native heap
# Possible solutions:
#   Reduce memory load on the system
#   Increase physical memory or swap space
#   Check if swap backing store is full
#   Decrease Java heap size (-Xmx/-Xms)
#   Decrease number of Java threads
#   Decrease Java thread stack sizes (-Xss)
#   Set larger code cache with -XX:ReservedCodeCacheSize=
#   JVM is running with Zero Based Compressed Oops mode in which the Java heap is
#     placed in the first 32GB address space. The Java Heap base address is the
#     maximum limit for the native heap growth. Please use -XX:HeapBaseMinAddress
#     to set the Java Heap base and to place the Java Heap above 32GB virtual address.
# This output file may be truncated or incomplete.
#
#  Out of Memory Error (./src/hotspot/os/windows/os_windows.cpp:3619), pid=21960, tid=15936
#
# JRE version: OpenJDK Runtime Environment (11.0.13) (build 11.0.13+0-b1751.21-8125866)
# Java VM: OpenJDK 64-Bit Server VM (11.0.13+0-b1751.21-8125866, mixed mode, tiered, compressed oops, g1 gc, windows-amd64)
# No core dump will be written. Minidumps are not enabled by default on client versions of Windows
#

---------------  S U M M A R Y ------------

Command Line: org.jetbrains.kotlin.cli.jvm.K2JVMCompiler @C:\Users\ahmed.riaz.AFINITI\AndroidStudioProjects\ExpertFinder\app\build\20221101_982459189213716350.compiler.options

Host: Intel(R) Core(TM) i7-10510U CPU @ 1.80GHz, 8 cores, 31G,  Windows 10 , 64 bit Build 19041 (10.0.19041.1889)
Time: Tue Nov  1 14:10:08 2022 Pakistan Standard Time elapsed time: 3.955321 seconds (0d 0h 0m 3s)

---------------  T H R E A D  ---------------

Current thread (0x000001c4497a4800):  VMThread "VM Thread" [stack: 0x00000059a5200000,0x00000059a5300000] [id=15936]

Stack: [0x00000059a5200000,0x00000059a5300000]
[error occurred during error reporting (printing stack bounds), id 0xc0000005, EXCEPTION_ACCESS_VIOLATION (0xc0000005) at pc=0x000001c42417112d]

Native frames: (J=compiled Java code, j=interpreted, Vv=VM code, C=native code)
V  [jvm.dll+0x6100fa]
V  [jvm.dll+0x747090]
V  [jvm.dll+0x7486ad]
V  [jvm.dll+0x748ce5]
V  [jvm.dll+0x748c9b]
V  [jvm.dll+0x60f224]
V  [jvm.dll+0x60f9b8]
C  [ntdll.dll+0xa235f]
C  [ntdll.dll+0x514a4]
C  [ntdll.dll+0xa0e8e]
C  0x000001c42417112d

VM_Operation (0x00000059a4cfd790): G1CollectForAllocation, mode: safepoint, requested by thread 0x000001c420650800


---------------  P R O C E S S  ---------------

Threads class SMR info:
_java_thread_list=0x000001c4499bd520, length=12, elements={
0x000001c420650800, 0x000001c4497c7800, 0x000001c4497d5000, 0x000001c4497e9000,
0x000001c4497eb000, 0x000001c4497ec800, 0x000001c4497f2800, 0x000001c449836800,
0x000001c449837800, 0x000001c4499c0000, 0x000001c4499b2000, 0x000001c4499b3000
}

Java Threads: ( => current thread )
  0x000001c420650800 JavaThread "main" [_thread_blocked, id=23508, stack(0x00000059a4c00000,0x00000059a4d00000)]
  0x000001c4497c7800 JavaThread "Reference Handler" daemon [_thread_blocked, id=21568, stack(0x00000059a5300000,0x00000059a5400000)]
  0x000001c4497d5000 JavaThread "Finalizer" daemon [_thread_blocked, id=32292, stack(0x00000059a5400000,0x00000059a5500000)]
  0x000001c4497e9000 JavaThread "Signal Dispatcher" daemon [_thread_blocked, id=19508, stack(0x00000059a5500000,0x00000059a5600000)]
  0x000001c4497eb000 JavaThread "Attach Listener" daemon [_thread_blocked, id=8584, stack(0x00000059a5600000,0x00000059a5700000)]
  0x000001c4497ec800 JavaThread "Service Thread" daemon [_thread_blocked, id=31936, stack(0x00000059a5700000,0x00000059a5800000)]
  0x000001c4497f2800 JavaThread "C2 CompilerThread0" daemon [_thread_blocked, id=30584, stack(0x00000059a5800000,0x00000059a5900000)]
  0x000001c449836800 JavaThread "C1 CompilerThread0" daemon [_thread_blocked, id=26680, stack(0x00000059a5900000,0x00000059a5a00000)]
  0x000001c449837800 JavaThread "Sweeper thread" daemon [_thread_blocked, id=29664, stack(0x00000059a5a00000,0x00000059a5b00000)]
  0x000001c4499c0000 JavaThread "Common-Cleaner" daemon [_thread_blocked, id=22016, stack(0x00000059a5c00000,0x00000059a5d00000)]
  0x000001c4499b2000 JavaThread "C2 CompilerThread1" daemon [_thread_blocked, id=28248, stack(0x00000059a5d00000,0x00000059a5e00000)]
  0x000001c4499b3000 JavaThread "C2 CompilerThread2" daemon [_thread_blocked, id=4552, stack(0x00000059a5e00000,0x00000059a5f00000)]

Other Threads:
=>0x000001c4497a4800 VMThread "VM Thread" [stack: 0x00000059a5200000,0x00000059a5300000] [id=15936]
  0x000001c4499b0000 WatcherThread [stack: 0x00000059a5b00000,0x00000059a5c00000] [id=22928]
  0x000001c420668800 GCTaskThread "GC Thread#0" [stack: 0x00000059a4d00000,0x00000059a4e00000] [id=16980]
  0x000001c449d25800 GCTaskThread "GC Thread#1" [stack: 0x00000059a5f00000,0x00000059a6000000] [id=1736]
  0x000001c449d26800 GCTaskThread "GC Thread#2" [stack: 0x00000059a6000000,0x00000059a6100000] [id=21584]
  0x000001c449fa0000 GCTaskThread "GC Thread#3" [stack: 0x00000059a6100000,0x00000059a6200000] [id=14872]
  0x000001c449fa1000 GCTaskThread "GC Thread#4" [stack: 0x00000059a6200000,0x00000059a6300000] [id=16216]
  0x000001c449f87000 GCTaskThread "GC Thread#5" [stack: 0x00000059a6300000,0x00000059a6400000] [id=8572]
  0x000001c449f87800 GCTaskThread "GC Thread#6" [stack: 0x00000059a6400000,0x00000059a6500000] [id=7860]
  0x000001c44a143800 GCTaskThread "GC Thread#7" [stack: 0x00000059a6500000,0x00000059a6600000] [id=21028]
  0x000001c4206e6000 ConcurrentGCThread "G1 Main Marker" [stack: 0x00000059a4e00000,0x00000059a4f00000] [id=6932]
  0x000001c4206e7000 ConcurrentGCThread "G1 Conc#0" [stack: 0x00000059a4f00000,0x00000059a5000000] [id=35144]
  0x000001c44b35f800 ConcurrentGCThread "G1 Conc#1" [stack: 0x00000059a6600000,0x00000059a6700000] [id=23928]
  0x000001c448dfa000 ConcurrentGCThread "G1 Refine#0" [stack: 0x00000059a5000000,0x00000059a5100000] [id=1480]
  0x000001c44c74f800 ConcurrentGCThread "G1 Refine#1" [stack: 0x00000059a6700000,0x00000059a6800000] [id=33140]
  0x000001c448dfb000 ConcurrentGCThread "G1 Young RemSet Sampling" [stack: 0x00000059a5100000,0x00000059a5200000] [id=28832]

Threads with active compile tasks:
C2 CompilerThread0   3969 5146       4       org.jetbrains.kotlin.descriptors.impl.VariableDescriptorImpl::<init> (49 bytes)
C2 CompilerThread1   3969 5150       4       org.jetbrains.kotlin.types.DisjointKeysUnionTypeSubstitution$Companion::create (44 bytes)

VM state:at safepoint (normal execution)

VM Mutex/Monitor currently owned by a thread:  ([mutex/lock_event])
[0x000001c42064dd50] Threads_lock - owner thread: 0x000001c4497a4800
[0x000001c42064d720] Heap_lock - owner thread: 0x000001c420650800

Heap address: 0x0000000603000000, size: 8144 MB, Compressed Oops mode: Zero based, Oop shift amount: 3
Narrow klass base: 0x0000000800000000, Narrow klass shift: 0
Compressed class space size: 1073741824 Address: 0x0000000800000000

Heap:
 garbage-first heap   total 626688K, used 41364K [0x0000000603000000, 0x0000000800000000)
  region size 2048K, 7 young (14336K), 7 survivors (14336K)
 Metaspace       used 51601K, capacity 52162K, committed 52432K, reserved 1095680K
  class space    used 5898K, capacity 6116K, committed 6144K, reserved 1048576K
Heap Regions: E=young(eden), S=young(survivor), O=old, HS=humongous(starts), HC=humongous(continues), CS=collection set, F=free, A=archive, TAMS=top-at-mark-start (previous, next)
|   0|0x0000000603000000, 0x0000000603200000, 0x0000000603200000|100%|HS|  |TAMS 0x0000000603200000, 0x0000000603000000| Complete 
|   1|0x0000000603200000, 0x0000000603400000, 0x0000000603400000|100%|HC|  |TAMS 0x0000000603400000, 0x0000000603200000| Complete 
|   2|0x0000000603400000, 0x0000000603600000, 0x0000000603600000|100%|HS|  |TAMS 0x0000000603600000, 0x0000000603400000| Complete 
|   3|0x0000000603600000, 0x0000000603800000, 0x0000000603800000|100%|HC|  |TAMS 0x0000000603800000, 0x0000000603600000| Complete 
|   4|0x0000000603800000, 0x0000000603a00000, 0x0000000603a00000|100%| O|  |TAMS 0x0000000603800000, 0x0000000603800000| Untracked 
|   5|0x0000000603a00000, 0x0000000603c00000, 0x0000000603c00000|100%| O|  |TAMS 0x0000000603c00000, 0x0000000603a00000| Untracked 
|   6|0x0000000603c00000, 0x0000000603e00000, 0x0000000603e00000|100%| O|  |TAMS 0x0000000603e00000, 0x0000000603c00000| Untracked 
|   7|0x0000000603e00000, 0x0000000604000000, 0x0000000604000000|100%| O|  |TAMS 0x0000000604000000, 0x0000000603e00000| Untracked 
|   8|0x0000000604000000, 0x0000000604200000, 0x0000000604200000|100%| O|  |TAMS 0x0000000604200000, 0x0000000604000000| Untracked 
|   9|0x0000000604200000, 0x0000000604400000, 0x0000000604400000|100%| O|  |TAMS 0x0000000604210000, 0x0000000604200000| Untracked 
|  10|0x0000000604400000, 0x0000000604600000, 0x0000000604600000|100%| O|  |TAMS 0x0000000604400000, 0x0000000604400000| Untracked 
|  11|0x0000000604600000, 0x0000000604800000, 0x0000000604800000|100%|HS|  |TAMS 0x0000000604600000, 0x0000000604600000| Complete 
|  12|0x0000000604800000, 0x0000000604a00000, 0x0000000604a00000|100%| O|  |TAMS 0x0000000604800000, 0x0000000604800000| Untracked 
|  13|0x0000000604a00000, 0x0000000604a65200, 0x0000000604c00000| 19%| O|  |TAMS 0x0000000604a00000, 0x0000000604a00000| Untracked 
|  14|0x0000000604c00000, 0x0000000604c00000, 0x0000000604e00000|  0%| F|  |TAMS 0x0000000604c00000, 0x0000000604c00000| Untracked 
|  15|0x0000000604e00000, 0x0000000604e00000, 0x0000000605000000|  0%| F|  |TAMS 0x0000000604e00000, 0x0000000604e00000| Untracked 
|  16|0x0000000605000000, 0x0000000605000000, 0x0000000605200000|  0%| F|  |TAMS 0x0000000605000000, 0x0000000605000000| Untracked 
|  17|0x0000000605200000, 0x0000000605200000, 0x0000000605400000|  0%| F|  |TAMS 0x0000000605200000, 0x0000000605200000| Untracked 
|  18|0x0000000605400000, 0x0000000605400000, 0x0000000605600000|  0%| F|  |TAMS 0x0000000605400000, 0x0000000605400000| Untracked 
|  19|0x0000000605600000, 0x0000000605600000, 0x0000000605800000|  0%| F|  |TAMS 0x0000000605600000, 0x0000000605600000| Untracked 
|  20|0x0000000605800000, 0x0000000605800000, 0x0000000605a00000|  0%| F|  |TAMS 0x0000000605800000, 0x0000000605800000| Untracked 
|  21|0x0000000605a00000, 0x0000000605a00000, 0x0000000605c00000|  0%| F|  |TAMS 0x0000000605a00000, 0x0000000605a00000| Untracked 
|  22|0x0000000605c00000, 0x0000000605c00000, 0x0000000605e00000|  0%| F|  |TAMS 0x0000000605c00000, 0x0000000605c00000| Untracked 
|  23|0x0000000605e00000, 0x0000000605e00000, 0x0000000606000000|  0%| F|  |TAMS 0x0000000605e00000, 0x0000000605e00000| Untracked 
|  24|0x0000000606000000, 0x0000000606000000, 0x0000000606200000|  0%| F|  |TAMS 0x0000000606000000, 0x0000000606000000| Untracked 
|  25|0x0000000606200000, 0x0000000606200000, 0x0000000606400000|  0%| F|  |TAMS 0x0000000606200000, 0x0000000606200000| Untracked 
|  26|0x0000000606400000, 0x0000000606400000, 0x0000000606600000|  0%| F|  |TAMS 0x0000000606400000, 0x0000000606400000| Untracked 
|  27|0x0000000606600000, 0x0000000606600000, 0x0000000606800000|  0%| F|  |TAMS 0x0000000606600000, 0x0000000606600000| Untracked 
|  28|0x0000000606800000, 0x0000000606800000, 0x0000000606a00000|  0%| F|  |TAMS 0x0000000606800000, 0x0000000606800000| Untracked 
|  29|0x0000000606a00000, 0x0000000606a00000, 0x0000000606c00000|  0%| F|  |TAMS 0x0000000606a00000, 0x0000000606a00000| Untracked 
|  30|0x0000000606c00000, 0x0000000606c00000, 0x0000000606e00000|  0%| F|  |TAMS 0x0000000606c00000, 0x0000000606c00000| Untracked 
|  31|0x0000000606e00000, 0x0000000606e00000, 0x0000000607000000|  0%| F|  |TAMS 0x0000000606e00000, 0x0000000606e00000| Untracked 
|  32|0x0000000607000000, 0x0000000607000000, 0x0000000607200000|  0%| F|  |TAMS 0x0000000607000000, 0x0000000607000000| Untracked 
|  33|0x0000000607200000, 0x0000000607200000, 0x0000000607400000|  0%| F|  |TAMS 0x0000000607200000, 0x0000000607200000| Untracked 
|  34|0x0000000607400000, 0x0000000607400000, 0x0000000607600000|  0%| F|  |TAMS 0x0000000607400000, 0x0000000607400000| Untracked 
|  35|0x0000000607600000, 0x0000000607600000, 0x0000000607800000|  0%| F|  |TAMS 0x0000000607600000, 0x0000000607600000| Untracked 
|  36|0x0000000607800000, 0x0000000607800000, 0x0000000607a00000|  0%| F|  |TAMS 0x0000000607800000, 0x0000000607800000| Untracked 
|  37|0x0000000607a00000, 0x0000000607a00000, 0x0000000607c00000|  0%| F|  |TAMS 0x0000000607a00000, 0x0000000607a00000| Untracked 
|  38|0x0000000607c00000, 0x0000000607c00000, 0x0000000607e00000|  0%| F|  |TAMS 0x0000000607c00000, 0x0000000607c00000| Untracked 
|  39|0x0000000607e00000, 0x0000000607e00000, 0x0000000608000000|  0%| F|  |TAMS 0x0000000607e00000, 0x0000000607e00000| Untracked 
|  40|0x0000000608000000, 0x0000000608000000, 0x0000000608200000|  0%| F|  |TAMS 0x0000000608000000, 0x0000000608000000| Untracked 
|  41|0x0000000608200000, 0x0000000608200000, 0x0000000608400000|  0%| F|  |TAMS 0x0000000608200000, 0x0000000608200000| Untracked 
|  42|0x0000000608400000, 0x0000000608400000, 0x0000000608600000|  0%| F|  |TAMS 0x0000000608400000, 0x0000000608400000| Untracked 
|  43|0x0000000608600000, 0x0000000608600000, 0x0000000608800000|  0%| F|  |TAMS 0x0000000608600000, 0x0000000608600000| Untracked 
|  44|0x0000000608800000, 0x0000000608800000, 0x0000000608a00000|  0%| F|  |TAMS 0x0000000608800000, 0x0000000608800000| Untracked 
|  45|0x0000000608a00000, 0x0000000608a00000, 0x0000000608c00000|  0%| F|  |TAMS 0x0000000608a00000, 0x0000000608a00000| Untracked 
|  46|0x0000000608c00000, 0x0000000608c00000, 0x0000000608e00000|  0%| F|  |TAMS 0x0000000608c00000, 0x0000000608c00000| Untracked 
|  47|0x0000000608e00000, 0x0000000608e00000, 0x0000000609000000|  0%| F|  |TAMS 0x0000000608e00000, 0x0000000608e00000| Untracked 
|  48|0x0000000609000000, 0x0000000609000000, 0x0000000609200000|  0%| F|  |TAMS 0x0000000609000000, 0x0000000609000000| Untracked 
|  49|0x0000000609200000, 0x0000000609200000, 0x0000000609400000|  0%| F|  |TAMS 0x0000000609200000, 0x0000000609200000| Untracked 
|  50|0x0000000609400000, 0x0000000609400000, 0x0000000609600000|  0%| F|  |TAMS 0x0000000609400000, 0x0000000609400000| Untracked 
|  51|0x0000000609600000, 0x0000000609600000, 0x0000000609800000|  0%| F|  |TAMS 0x0000000609600000, 0x0000000609600000| Untracked 
|  52|0x0000000609800000, 0x0000000609800000, 0x0000000609a00000|  0%| F|  |TAMS 0x0000000609800000, 0x0000000609800000| Untracked 
|  53|0x0000000609a00000, 0x0000000609a00000, 0x0000000609c00000|  0%| F|  |TAMS 0x0000000609a00000, 0x0000000609a00000| Untracked 
|  54|0x0000000609c00000, 0x0000000609c00000, 0x0000000609e00000|  0%| F|  |TAMS 0x0000000609c00000, 0x0000000609c00000| Untracked 
|  55|0x0000000609e00000, 0x0000000609e00000, 0x000000060a000000|  0%| F|  |TAMS 0x0000000609e00000, 0x0000000609e00000| Untracked 
|  56|0x000000060a000000, 0x000000060a000000, 0x000000060a200000|  0%| F|  |TAMS 0x000000060a000000, 0x000000060a000000| Untracked 
|  57|0x000000060a200000, 0x000000060a200000, 0x000000060a400000|  0%| F|  |TAMS 0x000000060a200000, 0x000000060a200000| Untracked 
|  58|0x000000060a400000, 0x000000060a400000, 0x000000060a600000|  0%| F|  |TAMS 0x000000060a400000, 0x000000060a400000| Untracked 
|  59|0x000000060a600000, 0x000000060a600000, 0x000000060a800000|  0%| F|  |TAMS 0x000000060a600000, 0x000000060a600000| Untracked 
|  60|0x000000060a800000, 0x000000060a800000, 0x000000060aa00000|  0%| F|  |TAMS 0x000000060a800000, 0x000000060a800000| Untracked 
|  61|0x000000060aa00000, 0x000000060aa00000, 0x000000060ac00000|  0%| F|  |TAMS 0x000000060aa00000, 0x000000060aa00000| Untracked 
|  62|0x000000060ac00000, 0x000000060ac00000, 0x000000060ae00000|  0%| F|  |TAMS 0x000000060ac00000, 0x000000060ac00000| Untracked 
|  63|0x000000060ae00000, 0x000000060ae00000, 0x000000060b000000|  0%| F|  |TAMS 0x000000060ae00000, 0x000000060ae00000| Untracked 
|  64|0x000000060b000000, 0x000000060b000000, 0x000000060b200000|  0%| F|  |TAMS 0x000000060b000000, 0x000000060b000000| Untracked 
|  65|0x000000060b200000, 0x000000060b200000, 0x000000060b400000|  0%| F|  |TAMS 0x000000060b200000, 0x000000060b200000| Untracked 
|  66|0x000000060b400000, 0x000000060b400000, 0x000000060b600000|  0%| F|  |TAMS 0x000000060b400000, 0x000000060b400000| Untracked 
|  67|0x000000060b600000, 0x000000060b600000, 0x000000060b800000|  0%| F|  |TAMS 0x000000060b600000, 0x000000060b600000| Untracked 
|  68|0x000000060b800000, 0x000000060b800000, 0x000000060ba00000|  0%| F|  |TAMS 0x000000060b800000, 0x000000060b800000| Untracked 
|  69|0x000000060ba00000, 0x000000060ba00000, 0x000000060bc00000|  0%| F|  |TAMS 0x000000060ba00000, 0x000000060ba00000| Untracked 
|  70|0x000000060bc00000, 0x000000060bc00000, 0x000000060be00000|  0%| F|  |TAMS 0x000000060bc00000, 0x000000060bc00000| Untracked 
|  71|0x000000060be00000, 0x000000060be00000, 0x000000060c000000|  0%| F|  |TAMS 0x000000060be00000, 0x000000060be00000| Untracked 
|  72|0x000000060c000000, 0x000000060c000000, 0x000000060c200000|  0%| F|  |TAMS 0x000000060c000000, 0x000000060c000000| Untracked 
|  73|0x000000060c200000, 0x000000060c200000, 0x000000060c400000|  0%| F|  |TAMS 0x000000060c200000, 0x000000060c200000| Untracked 
|  74|0x000000060c400000, 0x000000060c400000, 0x000000060c600000|  0%| F|  |TAMS 0x000000060c400000, 0x000000060c400000| Untracked 
|  75|0x000000060c600000, 0x000000060c600000, 0x000000060c800000|  0%| F|  |TAMS 0x000000060c600000, 0x000000060c600000| Untracked 
|  76|0x000000060c800000, 0x000000060c800000, 0x000000060ca00000|  0%| F|  |TAMS 0x000000060c800000, 0x000000060c800000| Untracked 
|  77|0x000000060ca00000, 0x000000060ca00000, 0x000000060cc00000|  0%| F|  |TAMS 0x000000060ca00000, 0x000000060ca00000| Untracked 
|  78|0x000000060cc00000, 0x000000060cc00000, 0x000000060ce00000|  0%| F|  |TAMS 0x000000060cc00000, 0x000000060cc00000| Untracked 
|  79|0x000000060ce00000, 0x000000060ce00000, 0x000000060d000000|  0%| F|  |TAMS 0x000000060ce00000, 0x000000060ce00000| Untracked 
|  80|0x000000060d000000, 0x000000060d000000, 0x000000060d200000|  0%| F|  |TAMS 0x000000060d000000, 0x000000060d000000| Untracked 
|  81|0x000000060d200000, 0x000000060d200000, 0x000000060d400000|  0%| F|  |TAMS 0x000000060d200000, 0x000000060d200000| Untracked 
|  82|0x000000060d400000, 0x000000060d400000, 0x000000060d600000|  0%| F|  |TAMS 0x000000060d400000, 0x000000060d400000| Untracked 
|  83|0x000000060d600000, 0x000000060d600000, 0x000000060d800000|  0%| F|  |TAMS 0x000000060d600000, 0x000000060d600000| Untracked 
|  84|0x000000060d800000, 0x000000060d800000, 0x000000060da00000|  0%| F|  |TAMS 0x000000060d800000, 0x000000060d800000| Untracked 
|  85|0x000000060da00000, 0x000000060da00000, 0x000000060dc00000|  0%| F|  |TAMS 0x000000060da00000, 0x000000060da00000| Untracked 
|  86|0x000000060dc00000, 0x000000060dc00000, 0x000000060de00000|  0%| F|  |TAMS 0x000000060dc00000, 0x000000060dc00000| Untracked 
|  87|0x000000060de00000, 0x000000060de00000, 0x000000060e000000|  0%| F|  |TAMS 0x000000060de00000, 0x000000060de00000| Untracked 
|  88|0x000000060e000000, 0x000000060e000000, 0x000000060e200000|  0%| F|  |TAMS 0x000000060e000000, 0x000000060e000000| Untracked 
|  89|0x000000060e200000, 0x000000060e200000, 0x000000060e400000|  0%| F|  |TAMS 0x000000060e200000, 0x000000060e200000| Untracked 
|  90|0x000000060e400000, 0x000000060e400000, 0x000000060e600000|  0%| F|  |TAMS 0x000000060e400000, 0x000000060e400000| Untracked 
|  91|0x000000060e600000, 0x000000060e600000, 0x000000060e800000|  0%| F|  |TAMS 0x000000060e600000, 0x000000060e600000| Untracked 
|  92|0x000000060e800000, 0x000000060e800000, 0x000000060ea00000|  0%| F|  |TAMS 0x000000060e800000, 0x000000060e800000| Untracked 
|  93|0x000000060ea00000, 0x000000060ea00000, 0x000000060ec00000|  0%| F|  |TAMS 0x000000060ea00000, 0x000000060ea00000| Untracked 
|  94|0x000000060ec00000, 0x000000060ec00000, 0x000000060ee00000|  0%| F|  |TAMS 0x000000060ec00000, 0x000000060ec00000| Untracked 
|  95|0x000000060ee00000, 0x000000060ee00000, 0x000000060f000000|  0%| F|  |TAMS 0x000000060ee00000, 0x000000060ee00000| Untracked 
|  96|0x000000060f000000, 0x000000060f000000, 0x000000060f200000|  0%| F|  |TAMS 0x000000060f000000, 0x000000060f000000| Untracked 
|  97|0x000000060f200000, 0x000000060f200000, 0x000000060f400000|  0%| F|  |TAMS 0x000000060f200000, 0x000000060f200000| Untracked 
|  98|0x000000060f400000, 0x000000060f400000, 0x000000060f600000|  0%| F|  |TAMS 0x000000060f400000, 0x000000060f400000| Untracked 
|  99|0x000000060f600000, 0x000000060f600000, 0x000000060f800000|  0%| F|  |TAMS 0x000000060f600000, 0x000000060f600000| Untracked 
| 100|0x000000060f800000, 0x000000060f800000, 0x000000060fa00000|  0%| F|  |TAMS 0x000000060f800000, 0x000000060f800000| Untracked 
| 101|0x000000060fa00000, 0x000000060fa00000, 0x000000060fc00000|  0%| F|  |TAMS 0x000000060fa00000, 0x000000060fa00000| Untracked 
| 102|0x000000060fc00000, 0x000000060fc00000, 0x000000060fe00000|  0%| F|  |TAMS 0x000000060fc00000, 0x000000060fc00000| Untracked 
| 103|0x000000060fe00000, 0x000000060fe00000, 0x0000000610000000|  0%| F|  |TAMS 0x000000060fe00000, 0x000000060fe00000| Untracked 
| 104|0x0000000610000000, 0x0000000610000000, 0x0000000610200000|  0%| F|  |TAMS 0x0000000610000000, 0x0000000610000000| Untracked 
| 105|0x0000000610200000, 0x0000000610200000, 0x0000000610400000|  0%| F|  |TAMS 0x0000000610200000, 0x0000000610200000| Untracked 
| 106|0x0000000610400000, 0x0000000610400000, 0x0000000610600000|  0%| F|  |TAMS 0x0000000610400000, 0x0000000610400000| Untracked 
| 107|0x0000000610600000, 0x0000000610600000, 0x0000000610800000|  0%| F|  |TAMS 0x0000000610600000, 0x0000000610600000| Untracked 
| 108|0x0000000610800000, 0x0000000610800000, 0x0000000610a00000|  0%| F|  |TAMS 0x0000000610800000, 0x0000000610800000| Untracked 
| 109|0x0000000610a00000, 0x0000000610a00000, 0x0000000610c00000|  0%| F|  |TAMS 0x0000000610a00000, 0x0000000610a00000| Untracked 
| 110|0x0000000610c00000, 0x0000000610c00000, 0x0000000610e00000|  0%| F|  |TAMS 0x0000000610c00000, 0x0000000610c00000| Untracked 
| 111|0x0000000610e00000, 0x0000000610e00000, 0x0000000611000000|  0%| F|  |TAMS 0x0000000610e00000, 0x0000000610e00000| Untracked 
| 112|0x0000000611000000, 0x0000000611000000, 0x0000000611200000|  0%| F|  |TAMS 0x0000000611000000, 0x0000000611000000| Untracked 
| 113|0x0000000611200000, 0x0000000611200000, 0x0000000611400000|  0%| F|  |TAMS 0x0000000611200000, 0x0000000611200000| Untracked 
| 114|0x0000000611400000, 0x0000000611400000, 0x0000000611600000|  0%| F|  |TAMS 0x0000000611400000, 0x0000000611400000| Untracked 
| 115|0x0000000611600000, 0x0000000611600000, 0x0000000611800000|  0%| F|  |TAMS 0x0000000611600000, 0x0000000611600000| Untracked 
| 116|0x0000000611800000, 0x0000000611800000, 0x0000000611a00000|  0%| F|  |TAMS 0x0000000611800000, 0x0000000611800000| Untracked 
| 117|0x0000000611a00000, 0x0000000611a00000, 0x0000000611c00000|  0%| F|  |TAMS 0x0000000611a00000, 0x0000000611a00000| Untracked 
| 118|0x0000000611c00000, 0x0000000611c00000, 0x0000000611e00000|  0%| F|  |TAMS 0x0000000611c00000, 0x0000000611c00000| Untracked 
| 119|0x0000000611e00000, 0x0000000611e00000, 0x0000000612000000|  0%| F|  |TAMS 0x0000000611e00000, 0x0000000611e00000| Untracked 
| 120|0x0000000612000000, 0x0000000612000000, 0x0000000612200000|  0%| F|  |TAMS 0x0000000612000000, 0x0000000612000000| Untracked 
| 121|0x0000000612200000, 0x0000000612200000, 0x0000000612400000|  0%| F|  |TAMS 0x0000000612200000, 0x0000000612200000| Untracked 
| 122|0x0000000612400000, 0x0000000612400000, 0x0000000612600000|  0%| F|  |TAMS 0x0000000612400000, 0x0000000612400000| Untracked 
| 123|0x0000000612600000, 0x0000000612600000, 0x0000000612800000|  0%| F|  |TAMS 0x0000000612600000, 0x0000000612600000| Untracked 
| 124|0x0000000612800000, 0x0000000612800000, 0x0000000612a00000|  0%| F|  |TAMS 0x0000000612800000, 0x0000000612800000| Untracked 
| 125|0x0000000612a00000, 0x0000000612a00000, 0x0000000612c00000|  0%| F|  |TAMS 0x0000000612a00000, 0x0000000612a00000| Untracked 
| 126|0x0000000612c00000, 0x0000000612c00000, 0x0000000612e00000|  0%| F|  |TAMS 0x0000000612c00000, 0x0000000612c00000| Untracked 
| 127|0x0000000612e00000, 0x0000000612e00000, 0x0000000613000000|  0%| F|  |TAMS 0x0000000612e00000, 0x0000000612e00000| Untracked 
| 128|0x0000000613000000, 0x0000000613000000, 0x0000000613200000|  0%| F|  |TAMS 0x0000000613000000, 0x0000000613000000| Untracked 
| 129|0x0000000613200000, 0x0000000613200000, 0x0000000613400000|  0%| F|  |TAMS 0x0000000613200000, 0x0000000613200000| Untracked 
| 130|0x0000000613400000, 0x0000000613400000, 0x0000000613600000|  0%| F|  |TAMS 0x0000000613400000, 0x0000000613400000| Untracked 
| 131|0x0000000613600000, 0x0000000613600000, 0x0000000613800000|  0%| F|  |TAMS 0x0000000613600000, 0x0000000613600000| Untracked 
| 132|0x0000000613800000, 0x0000000613800000, 0x0000000613a00000|  0%| F|  |TAMS 0x0000000613800000, 0x0000000613800000| Untracked 
| 133|0x0000000613a00000, 0x0000000613a00000, 0x0000000613c00000|  0%| F|  |TAMS 0x0000000613a00000, 0x0000000613a00000| Untracked 
| 134|0x0000000613c00000, 0x0000000613c00000, 0x0000000613e00000|  0%| F|  |TAMS 0x0000000613c00000, 0x0000000613c00000| Untracked 
| 135|0x0000000613e00000, 0x0000000613e00000, 0x0000000614000000|  0%| F|  |TAMS 0x0000000613e00000, 0x0000000613e00000| Untracked 
| 136|0x0000000614000000, 0x0000000614000000, 0x0000000614200000|  0%| F|  |TAMS 0x0000000614000000, 0x0000000614000000| Untracked 
| 137|0x0000000614200000, 0x0000000614200000, 0x0000000614400000|  0%| F|  |TAMS 0x0000000614200000, 0x0000000614200000| Untracked 
| 138|0x0000000614400000, 0x0000000614400000, 0x0000000614600000|  0%| F|  |TAMS 0x0000000614400000, 0x0000000614400000| Untracked 
| 139|0x0000000614600000, 0x0000000614600000, 0x0000000614800000|  0%| F|  |TAMS 0x0000000614600000, 0x0000000614600000| Untracked 
| 140|0x0000000614800000, 0x0000000614800000, 0x0000000614a00000|  0%| F|  |TAMS 0x0000000614800000, 0x0000000614800000| Untracked 
| 141|0x0000000614a00000, 0x0000000614a00000, 0x0000000614c00000|  0%| F|  |TAMS 0x0000000614a00000, 0x0000000614a00000| Untracked 
| 142|0x0000000614c00000, 0x0000000614c00000, 0x0000000614e00000|  0%| F|  |TAMS 0x0000000614c00000, 0x0000000614c00000| Untracked 
| 143|0x0000000614e00000, 0x0000000614e00000, 0x0000000615000000|  0%| F|  |TAMS 0x0000000614e00000, 0x0000000614e00000| Untracked 
| 144|0x0000000615000000, 0x0000000615000000, 0x0000000615200000|  0%| F|  |TAMS 0x0000000615000000, 0x0000000615000000| Untracked 
| 145|0x0000000615200000, 0x0000000615200000, 0x0000000615400000|  0%| F|  |TAMS 0x0000000615200000, 0x0000000615200000| Untracked 
| 146|0x0000000615400000, 0x0000000615400000, 0x0000000615600000|  0%| F|  |TAMS 0x0000000615400000, 0x0000000615400000| Untracked 
| 147|0x0000000615600000, 0x0000000615600000, 0x0000000615800000|  0%| F|  |TAMS 0x0000000615600000, 0x0000000615600000| Untracked 
| 148|0x0000000615800000, 0x0000000615800000, 0x0000000615a00000|  0%| F|  |TAMS 0x0000000615800000, 0x0000000615800000| Untracked 
| 149|0x0000000615a00000, 0x0000000615a00000, 0x0000000615c00000|  0%| F|  |TAMS 0x0000000615a00000, 0x0000000615a00000| Untracked 
| 150|0x0000000615c00000, 0x0000000615c00000, 0x0000000615e00000|  0%| F|  |TAMS 0x0000000615c00000, 0x0000000615c00000| Untracked 
| 151|0x0000000615e00000, 0x0000000615e00000, 0x0000000616000000|  0%| F|  |TAMS 0x0000000615e00000, 0x0000000615e00000| Untracked 
| 152|0x0000000616000000, 0x0000000616000000, 0x0000000616200000|  0%| F|  |TAMS 0x0000000616000000, 0x0000000616000000| Untracked 
| 153|0x0000000616200000, 0x0000000616200000, 0x0000000616400000|  0%| F|  |TAMS 0x0000000616200000, 0x0000000616200000| Untracked 
| 154|0x0000000616400000, 0x0000000616400000, 0x0000000616600000|  0%| F|  |TAMS 0x0000000616400000, 0x0000000616400000| Untracked 
| 155|0x0000000616600000, 0x0000000616600000, 0x0000000616800000|  0%| F|  |TAMS 0x0000000616600000, 0x0000000616600000| Untracked 
| 156|0x0000000616800000, 0x0000000616800000, 0x0000000616a00000|  0%| F|  |TAMS 0x0000000616800000, 0x0000000616800000| Untracked 
| 157|0x0000000616a00000, 0x0000000616a00000, 0x0000000616c00000|  0%| F|  |TAMS 0x0000000616a00000, 0x0000000616a00000| Untracked 
| 158|0x0000000616c00000, 0x0000000616c00000, 0x0000000616e00000|  0%| F|  |TAMS 0x0000000616c00000, 0x0000000616c00000| Untracked 
| 159|0x0000000616e00000, 0x0000000616e00000, 0x0000000617000000|  0%| F|  |TAMS 0x0000000616e00000, 0x0000000616e00000| Untracked 
| 160|0x0000000617000000, 0x0000000617000000, 0x0000000617200000|  0%| F|  |TAMS 0x0000000617000000, 0x0000000617000000| Untracked 
| 161|0x0000000617200000, 0x0000000617200000, 0x0000000617400000|  0%| F|  |TAMS 0x0000000617200000, 0x0000000617200000| Untracked 
| 162|0x0000000617400000, 0x0000000617400000, 0x0000000617600000|  0%| F|  |TAMS 0x0000000617400000, 0x0000000617400000| Untracked 
| 163|0x0000000617600000, 0x0000000617600000, 0x0000000617800000|  0%| F|  |TAMS 0x0000000617600000, 0x0000000617600000| Untracked 
| 164|0x0000000617800000, 0x0000000617800000, 0x0000000617a00000|  0%| F|  |TAMS 0x0000000617800000, 0x0000000617800000| Untracked 
| 165|0x0000000617a00000, 0x0000000617a00000, 0x0000000617c00000|  0%| F|  |TAMS 0x0000000617a00000, 0x0000000617a00000| Untracked 
| 166|0x0000000617c00000, 0x0000000617c00000, 0x0000000617e00000|  0%| F|  |TAMS 0x0000000617c00000, 0x0000000617c00000| Untracked 
| 167|0x0000000617e00000, 0x0000000617e00000, 0x0000000618000000|  0%| F|  |TAMS 0x0000000617e00000, 0x0000000617e00000| Untracked 
| 168|0x0000000618000000, 0x0000000618000000, 0x0000000618200000|  0%| F|  |TAMS 0x0000000618000000, 0x0000000618000000| Untracked 
| 169|0x0000000618200000, 0x0000000618200000, 0x0000000618400000|  0%| F|  |TAMS 0x0000000618200000, 0x0000000618200000| Untracked 
| 170|0x0000000618400000, 0x0000000618400000, 0x0000000618600000|  0%| F|  |TAMS 0x0000000618400000, 0x0000000618400000| Untracked 
| 171|0x0000000618600000, 0x0000000618600000, 0x0000000618800000|  0%| F|  |TAMS 0x0000000618600000, 0x0000000618600000| Untracked 
| 172|0x0000000618800000, 0x0000000618800000, 0x0000000618a00000|  0%| F|  |TAMS 0x0000000618800000, 0x0000000618800000| Untracked 
| 173|0x0000000618a00000, 0x0000000618a00000, 0x0000000618c00000|  0%| F|  |TAMS 0x0000000618a00000, 0x0000000618a00000| Untracked 
| 174|0x0000000618c00000, 0x0000000618c00000, 0x0000000618e00000|  0%| F|  |TAMS 0x0000000618c00000, 0x0000000618c00000| Untracked 
| 175|0x0000000618e00000, 0x0000000618e00000, 0x0000000619000000|  0%| F|  |TAMS 0x0000000618e00000, 0x0000000618e00000| Untracked 
| 176|0x0000000619000000, 0x0000000619000000, 0x0000000619200000|  0%| F|  |TAMS 0x0000000619000000, 0x0000000619000000| Untracked 
| 177|0x0000000619200000, 0x0000000619200000, 0x0000000619400000|  0%| F|  |TAMS 0x0000000619200000, 0x0000000619200000| Untracked 
| 178|0x0000000619400000, 0x0000000619400000, 0x0000000619600000|  0%| F|  |TAMS 0x0000000619400000, 0x0000000619400000| Untracked 
| 179|0x0000000619600000, 0x0000000619600000, 0x0000000619800000|  0%| F|  |TAMS 0x0000000619600000, 0x0000000619600000| Untracked 
| 180|0x0000000619800000, 0x0000000619800000, 0x0000000619a00000|  0%| F|  |TAMS 0x0000000619800000, 0x0000000619800000| Untracked 
| 181|0x0000000619a00000, 0x0000000619a00000, 0x0000000619c00000|  0%| F|  |TAMS 0x0000000619a00000, 0x0000000619a00000| Untracked 
| 182|0x0000000619c00000, 0x0000000619c00000, 0x0000000619e00000|  0%| F|  |TAMS 0x0000000619c00000, 0x0000000619c00000| Untracked 
| 183|0x0000000619e00000, 0x0000000619e00000, 0x000000061a000000|  0%| F|  |TAMS 0x0000000619e00000, 0x0000000619e00000| Untracked 
| 184|0x000000061a000000, 0x000000061a000000, 0x000000061a200000|  0%| F|  |TAMS 0x000000061a000000, 0x000000061a000000| Untracked 
| 185|0x000000061a200000, 0x000000061a200000, 0x000000061a400000|  0%| F|  |TAMS 0x000000061a200000, 0x000000061a200000| Untracked 
| 186|0x000000061a400000, 0x000000061a400000, 0x000000061a600000|  0%| F|  |TAMS 0x000000061a400000, 0x000000061a400000| Untracked 
| 187|0x000000061a600000, 0x000000061a600000, 0x000000061a800000|  0%| F|  |TAMS 0x000000061a600000, 0x000000061a600000| Untracked 
| 188|0x000000061a800000, 0x000000061a800000, 0x000000061aa00000|  0%| F|  |TAMS 0x000000061a800000, 0x000000061a800000| Untracked 
| 189|0x000000061aa00000, 0x000000061aa00000, 0x000000061ac00000|  0%| F|  |TAMS 0x000000061aa00000, 0x000000061aa00000| Untracked 
| 190|0x000000061ac00000, 0x000000061ac00000, 0x000000061ae00000|  0%| F|  |TAMS 0x000000061ac00000, 0x000000061ac00000| Untracked 
| 191|0x000000061ae00000, 0x000000061ae00000, 0x000000061b000000|  0%| F|  |TAMS 0x000000061ae00000, 0x000000061ae00000| Untracked 
| 192|0x000000061b000000, 0x000000061b000000, 0x000000061b200000|  0%| F|  |TAMS 0x000000061b000000, 0x000000061b000000| Untracked 
| 193|0x000000061b200000, 0x000000061b200000, 0x000000061b400000|  0%| F|  |TAMS 0x000000061b200000, 0x000000061b200000| Untracked 
| 194|0x000000061b400000, 0x000000061b400000, 0x000000061b600000|  0%| F|  |TAMS 0x000000061b400000, 0x000000061b400000| Untracked 
| 195|0x000000061b600000, 0x000000061b600000, 0x000000061b800000|  0%| F|  |TAMS 0x000000061b600000, 0x000000061b600000| Untracked 
| 196|0x000000061b800000, 0x000000061b800000, 0x000000061ba00000|  0%| F|  |TAMS 0x000000061b800000, 0x000000061b800000| Untracked 
| 197|0x000000061ba00000, 0x000000061ba00000, 0x000000061bc00000|  0%| F|  |TAMS 0x000000061ba00000, 0x000000061ba00000| Untracked 
| 198|0x000000061bc00000, 0x000000061be00000, 0x000000061be00000|100%| S|CS|TAMS 0x000000061bc00000, 0x000000061bc00000| Complete 
| 199|0x000000061be00000, 0x000000061c000000, 0x000000061c000000|100%| S|CS|TAMS 0x000000061be00000, 0x000000061be00000| Complete 
| 200|0x000000061c000000, 0x000000061c200000, 0x000000061c200000|100%| S|CS|TAMS 0x000000061c000000, 0x000000061c000000| Complete 
| 201|0x000000061c200000, 0x000000061c400000, 0x000000061c400000|100%| S|CS|TAMS 0x000000061c200000, 0x000000061c200000| Complete 
| 202|0x000000061c400000, 0x000000061c600000, 0x000000061c600000|100%| S|CS|TAMS 0x000000061c400000, 0x000000061c400000| Complete 
| 203|0x000000061c600000, 0x000000061c800000, 0x000000061c800000|100%| S|CS|TAMS 0x000000061c600000, 0x000000061c600000| Complete 
| 204|0x000000061c800000, 0x000000061ca00000, 0x000000061ca00000|100%| S|CS|TAMS 0x000000061c800000, 0x000000061c800000| Complete 
| 205|0x000000061ca00000, 0x000000061ca00000, 0x000000061cc00000|  0%| F|  |TAMS 0x000000061ca00000, 0x000000061ca00000| Untracked 
| 206|0x000000061cc00000, 0x000000061cc00000, 0x000000061ce00000|  0%| F|  |TAMS 0x000000061cc00000, 0x000000061cc00000| Untracked 
| 207|0x000000061ce00000, 0x000000061ce00000, 0x000000061d000000|  0%| F|  |TAMS 0x000000061ce00000, 0x000000061ce00000| Untracked 
| 208|0x000000061d000000, 0x000000061d000000, 0x000000061d200000|  0%| F|  |TAMS 0x000000061d000000, 0x000000061d000000| Untracked 
| 209|0x000000061d200000, 0x000000061d200000, 0x000000061d400000|  0%| F|  |TAMS 0x000000061d200000, 0x000000061d200000| Untracked 
| 210|0x000000061d400000, 0x000000061d400000, 0x000000061d600000|  0%| F|  |TAMS 0x000000061d400000, 0x000000061d400000| Untracked 
| 211|0x000000061d600000, 0x000000061d600000, 0x000000061d800000|  0%| F|  |TAMS 0x000000061d600000, 0x000000061d600000| Untracked 
| 212|0x000000061d800000, 0x000000061d800000, 0x000000061da00000|  0%| F|  |TAMS 0x000000061d800000, 0x000000061d800000| Untracked 
| 213|0x000000061da00000, 0x000000061da00000, 0x000000061dc00000|  0%| F|  |TAMS 0x000000061da00000, 0x000000061da00000| Untracked 
| 214|0x000000061dc00000, 0x000000061dc00000, 0x000000061de00000|  0%| F|  |TAMS 0x000000061dc00000, 0x000000061dc00000| Untracked 
| 215|0x000000061de00000, 0x000000061de00000, 0x000000061e000000|  0%| F|  |TAMS 0x000000061de00000, 0x000000061de00000| Untracked 
| 216|0x000000061e000000, 0x000000061e000000, 0x000000061e200000|  0%| F|  |TAMS 0x000000061e000000, 0x000000061e000000| Untracked 
| 217|0x000000061e200000, 0x000000061e200000, 0x000000061e400000|  0%| F|  |TAMS 0x000000061e200000, 0x000000061e200000| Untracked 
| 218|0x000000061e400000, 0x000000061e400000, 0x000000061e600000|  0%| F|  |TAMS 0x000000061e400000, 0x000000061e400000| Untracked 
| 219|0x000000061e600000, 0x000000061e600000, 0x000000061e800000|  0%| F|  |TAMS 0x000000061e600000, 0x000000061e600000| Untracked 
| 220|0x000000061e800000, 0x000000061e800000, 0x000000061ea00000|  0%| F|  |TAMS 0x000000061e800000, 0x000000061e800000| Untracked 
| 221|0x000000061ea00000, 0x000000061ea00000, 0x000000061ec00000|  0%| F|  |TAMS 0x000000061ea00000, 0x000000061ea00000| Untracked 
| 222|0x000000061ec00000, 0x000000061ec00000, 0x000000061ee00000|  0%| F|  |TAMS 0x000000061ec00000, 0x000000061ec00000| Untracked 
| 223|0x000000061ee00000, 0x000000061ee00000, 0x000000061f000000|  0%| F|  |TAMS 0x000000061ee00000, 0x000000061ee00000| Untracked 
| 224|0x000000061f000000, 0x000000061f000000, 0x000000061f200000|  0%| F|  |TAMS 0x000000061f000000, 0x000000061f000000| Untracked 
| 225|0x000000061f200000, 0x000000061f200000, 0x000000061f400000|  0%| F|  |TAMS 0x000000061f200000, 0x000000061f200000| Untracked 
| 226|0x000000061f400000, 0x000000061f400000, 0x000000061f600000|  0%| F|  |TAMS 0x000000061f400000, 0x000000061f400000| Untracked 
| 227|0x000000061f600000, 0x000000061f600000, 0x000000061f800000|  0%| F|  |TAMS 0x000000061f600000, 0x000000061f600000| Untracked 
| 228|0x000000061f800000, 0x000000061f800000, 0x000000061fa00000|  0%| F|  |TAMS 0x000000061f800000, 0x000000061f800000| Untracked 
| 229|0x000000061fa00000, 0x000000061fa00000, 0x000000061fc00000|  0%| F|  |TAMS 0x000000061fa00000, 0x000000061fa00000| Untracked 
| 230|0x000000061fc00000, 0x000000061fc00000, 0x000000061fe00000|  0%| F|  |TAMS 0x000000061fc00000, 0x000000061fc00000| Untracked 
| 231|0x000000061fe00000, 0x000000061fe00000, 0x0000000620000000|  0%| F|  |TAMS 0x000000061fe00000, 0x000000061fe00000| Untracked 
| 232|0x0000000620000000, 0x0000000620000000, 0x0000000620200000|  0%| F|  |TAMS 0x0000000620000000, 0x0000000620000000| Untracked 
| 233|0x0000000620200000, 0x0000000620200000, 0x0000000620400000|  0%| F|  |TAMS 0x0000000620200000, 0x0000000620200000| Untracked 
| 234|0x0000000620400000, 0x0000000620400000, 0x0000000620600000|  0%| F|  |TAMS 0x0000000620400000, 0x0000000620400000| Untracked 
| 235|0x0000000620600000, 0x0000000620600000, 0x0000000620800000|  0%| F|  |TAMS 0x0000000620600000, 0x0000000620600000| Untracked 
| 236|0x0000000620800000, 0x0000000620800000, 0x0000000620a00000|  0%| F|  |TAMS 0x0000000620800000, 0x0000000620800000| Untracked 
| 237|0x0000000620a00000, 0x0000000620a00000, 0x0000000620c00000|  0%| F|  |TAMS 0x0000000620a00000, 0x0000000620a00000| Untracked 
| 238|0x0000000620c00000, 0x0000000620c00000, 0x0000000620e00000|  0%| F|  |TAMS 0x0000000620c00000, 0x0000000620c00000| Untracked 
| 239|0x0000000620e00000, 0x0000000620e00000, 0x0000000621000000|  0%| F|  |TAMS 0x0000000620e00000, 0x0000000620e00000| Untracked 
| 240|0x0000000621000000, 0x0000000621000000, 0x0000000621200000|  0%| F|  |TAMS 0x0000000621000000, 0x0000000621000000| Untracked 
| 241|0x0000000621200000, 0x0000000621200000, 0x0000000621400000|  0%| F|  |TAMS 0x0000000621200000, 0x0000000621200000| Untracked 
| 242|0x0000000621400000, 0x0000000621400000, 0x0000000621600000|  0%| F|  |TAMS 0x0000000621400000, 0x0000000621400000| Untracked 
| 243|0x0000000621600000, 0x0000000621600000, 0x0000000621800000|  0%| F|  |TAMS 0x0000000621600000, 0x0000000621600000| Untracked 
| 244|0x0000000621800000, 0x0000000621800000, 0x0000000621a00000|  0%| F|  |TAMS 0x0000000621800000, 0x0000000621800000| Untracked 
| 245|0x0000000621a00000, 0x0000000621a00000, 0x0000000621c00000|  0%| F|  |TAMS 0x0000000621a00000, 0x0000000621a00000| Untracked 
| 246|0x0000000621c00000, 0x0000000621c00000, 0x0000000621e00000|  0%| F|  |TAMS 0x0000000621c00000, 0x0000000621c00000| Untracked 
| 247|0x0000000621e00000, 0x0000000621e00000, 0x0000000622000000|  0%| F|  |TAMS 0x0000000621e00000, 0x0000000621e00000| Untracked 
| 248|0x0000000622000000, 0x0000000622000000, 0x0000000622200000|  0%| F|  |TAMS 0x0000000622000000, 0x0000000622000000| Untracked 
| 249|0x0000000622200000, 0x0000000622200000, 0x0000000622400000|  0%| F|  |TAMS 0x0000000622200000, 0x0000000622200000| Untracked 
| 250|0x0000000622400000, 0x0000000622400000, 0x0000000622600000|  0%| F|  |TAMS 0x0000000622400000, 0x0000000622400000| Untracked 
| 251|0x0000000622600000, 0x0000000622600000, 0x0000000622800000|  0%| F|  |TAMS 0x0000000622600000, 0x0000000622600000| Untracked 
| 252|0x0000000622800000, 0x0000000622800000, 0x0000000622a00000|  0%| F|  |TAMS 0x0000000622800000, 0x0000000622800000| Untracked 
| 253|0x0000000622a00000, 0x0000000622a00000, 0x0000000622c00000|  0%| F|  |TAMS 0x0000000622a00000, 0x0000000622a00000| Untracked 
| 254|0x0000000622c00000, 0x0000000622c00000, 0x0000000622e00000|  0%| F|  |TAMS 0x0000000622c00000, 0x0000000622c00000| Untracked 

Card table byte_map: [0x000001c434490000,0x000001c435480000] _byte_map_base: 0x000001c431478000

Marking Bits (Prev, Next): (CMBitMap*) 0x000001c4206d50d8, (CMBitMap*) 0x000001c4206d5110
 Prev Bits: [0x000001c436470000, 0x000001c43e3b0000)
 Next Bits: [0x000001c43e3b0000, 0x000001c4462f0000)

Polling page: 0x000001c41e370000

Metaspace:

Usage:
  Non-class:     44.97 MB capacity,    44.63 MB (>99%) used,   268.16 KB ( <1%) free+waste,    74.81 KB ( <1%) overhead. 
      Class:      5.97 MB capacity,     5.76 MB ( 96%) used,   185.53 KB (  3%) free+waste,    32.06 KB ( <1%) overhead. 
       Both:     50.94 MB capacity,    50.39 MB ( 99%) used,   453.70 KB ( <1%) free+waste,   106.88 KB ( <1%) overhead. 

Virtual space:
  Non-class space:       46.00 MB reserved,      45.20 MB ( 98%) committed 
      Class space:        1.00 GB reserved,       6.00 MB ( <1%) committed 
             Both:        1.04 GB reserved,      51.20 MB (  5%) committed 

Chunk freelists:
   Non-Class:  114.00 KB
       Class:  28.00 KB
        Both:  142.00 KB

MaxMetaspaceSize: 17179869184.00 GB
CompressedClassSpaceSize: 1.00 GB
Initial GC threshold: 20.80 MB
Current GC threshold: 59.09 MB
CDS: off

CodeHeap 'non-profiled nmethods': size=120000Kb used=2503Kb max_used=2503Kb free=117496Kb
 bounds [0x000001c42bc40000, 0x000001c42bec0000, 0x000001c433170000]
CodeHeap 'profiled nmethods': size=120000Kb used=12977Kb max_used=12977Kb free=107022Kb
 bounds [0x000001c424710000, 0x000001c4253c0000, 0x000001c42bc40000]
CodeHeap 'non-nmethods': size=5760Kb used=1276Kb max_used=1331Kb free=4483Kb
 bounds [0x000001c424170000, 0x000001c4243e0000, 0x000001c424710000]
 total_blobs=5698 nmethods=5137 adapters=473
 compilation: enabled
              stopped_count=0, restarted_count=0
 full_count=0

Compilation events (20 events):
Event: 3.928 Thread 0x000001c4497f2800 5146       4       org.jetbrains.kotlin.descriptors.impl.VariableDescriptorImpl::<init> (49 bytes)
Event: 3.929 Thread 0x000001c449836800 nmethod 5140 0x000001c4253b4a10 code [0x000001c4253b4d00, 0x000001c4253b5dc8]
Event: 3.929 Thread 0x000001c449836800 5141       3       org.jetbrains.kotlin.resolve.VarianceCheckerCore::isIrrelevant (152 bytes)
Event: 3.929 Thread 0x000001c449836800 nmethod 5141 0x000001c4253b6210 code [0x000001c4253b64c0, 0x000001c4253b7578]
Event: 3.929 Thread 0x000001c449836800 5143       3       org.jetbrains.kotlin.resolve.lazy.descriptors.LazyClassMemberScope::getContributedFunctions (28 bytes)
Event: 3.930 Thread 0x000001c4499b3000 nmethod 5130 0x000001c42beb1390 code [0x000001c42beb1560, 0x000001c42beb19f8]
Event: 3.930 Thread 0x000001c4499b2000 5150       4       org.jetbrains.kotlin.types.DisjointKeysUnionTypeSubstitution$Companion::create (44 bytes)
Event: 3.930 Thread 0x000001c449836800 nmethod 5143 0x000001c4253b7890 code [0x000001c4253b7c60, 0x000001c4253b9328]
Event: 3.930 Thread 0x000001c449836800 5144       3       org.jetbrains.kotlin.resolve.lazy.descriptors.AbstractLazyMemberScope::getContributedFunctions (34 bytes)
Event: 3.931 Thread 0x000001c449836800 nmethod 5144 0x000001c4253b9a90 code [0x000001c4253b9d60, 0x000001c4253baa98]
Event: 3.931 Thread 0x000001c449836800 5145       3       org.jetbrains.kotlin.descriptors.impl.FunctionDescriptorImpl::getUserData (20 bytes)
Event: 3.931 Thread 0x000001c449836800 nmethod 5145 0x000001c4253bae90 code [0x000001c4253bb060, 0x000001c4253bb288]
Event: 3.931 Thread 0x000001c449836800 5147       3       org.jetbrains.kotlin.com.google.common.collect.AbstractMapBasedMultimap::createCollection (5 bytes)
Event: 3.931 Thread 0x000001c449836800 nmethod 5147 0x000001c4253bb390 code [0x000001c4253bb540, 0x000001c4253bb708]
Event: 3.931 Thread 0x000001c449836800 5148       3       org.jetbrains.kotlin.com.google.common.collect.ArrayListMultimap::createCollection (5 bytes)
Event: 3.932 Thread 0x000001c449836800 nmethod 5148 0x000001c4253bb790 code [0x000001c4253bb960, 0x000001c4253bbb68]
Event: 3.932 Thread 0x000001c449836800 5149       3       org.jetbrains.kotlin.com.google.common.collect.AbstractMapBasedMultimap$WrappedCollection::size (14 bytes)
Event: 3.932 Thread 0x000001c449836800 nmethod 5149 0x000001c4253bbc90 code [0x000001c4253bbe60, 0x000001c4253bc0f8]
Event: 3.933 Thread 0x000001c449836800 5151       3       org.jetbrains.kotlin.descriptors.impl.PropertyDescriptorImpl::getVisibility (14 bytes)
Event: 3.933 Thread 0x000001c449836800 nmethod 5151 0x000001c4253bc210 code [0x000001c4253bc3c0, 0x000001c4253bc548]

GC Heap History (11 events):
Event: 0.448 GC heap before
{Heap before GC invocations=0 (full 0):
 garbage-first heap   total 522240K, used 26624K [0x0000000603000000, 0x0000000800000000)
  region size 2048K, 12 young (24576K), 0 survivors (0K)
 Metaspace       used 11799K, capacity 11858K, committed 12160K, reserved 1060864K
  class space    used 1043K, capacity 1077K, committed 1152K, reserved 1048576K
}
Event: 0.450 GC heap after
{Heap after GC invocations=1 (full 0):
 garbage-first heap   total 522240K, used 7254K [0x0000000603000000, 0x0000000800000000)
  region size 2048K, 2 young (4096K), 2 survivors (4096K)
 Metaspace       used 11799K, capacity 11858K, committed 12160K, reserved 1060864K
  class space    used 1043K, capacity 1077K, committed 1152K, reserved 1048576K
}
Event: 0.933 GC heap before
{Heap before GC invocations=1 (full 0):
 garbage-first heap   total 522240K, used 46166K [0x0000000603000000, 0x0000000800000000)
  region size 2048K, 22 young (45056K), 2 survivors (4096K)
 Metaspace       used 20973K, capacity 21188K, committed 21248K, reserved 1069056K
  class space    used 2218K, capacity 2303K, committed 2304K, reserved 1048576K
}
Event: 0.942 GC heap after
{Heap after GC invocations=2 (full 0):
 garbage-first heap   total 522240K, used 10919K [0x0000000603000000, 0x0000000800000000)
  region size 2048K, 4 young (8192K), 4 survivors (8192K)
 Metaspace       used 20973K, capacity 21188K, committed 21248K, reserved 1069056K
  class space    used 2218K, capacity 2303K, committed 2304K, reserved 1048576K
}
Event: 1.718 GC heap before
{Heap before GC invocations=3 (full 0):
 garbage-first heap   total 522240K, used 70311K [0x0000000603000000, 0x0000000800000000)
  region size 2048K, 30 young (61440K), 4 survivors (8192K)
 Metaspace       used 33865K, capacity 34309K, committed 34428K, reserved 1079296K
  class space    used 4183K, capacity 4370K, committed 4480K, reserved 1048576K
}
Event: 1.729 GC heap after
{Heap after GC invocations=4 (full 0):
 garbage-first heap   total 522240K, used 23004K [0x0000000603000000, 0x0000000800000000)
  region size 2048K, 4 young (8192K), 4 survivors (8192K)
 Metaspace       used 33865K, capacity 34309K, committed 34428K, reserved 1079296K
  class space    used 4183K, capacity 4370K, committed 4480K, reserved 1048576K
}
Event: 1.867 GC heap before
{Heap before GC invocations=4 (full 0):
 garbage-first heap   total 522240K, used 33244K [0x0000000603000000, 0x0000000800000000)
  region size 2048K, 10 young (20480K), 4 survivors (8192K)
 Metaspace       used 35571K, capacity 35952K, committed 36048K, reserved 1081344K
  class space    used 4361K, capacity 4534K, committed 4608K, reserved 1048576K
}
Event: 1.874 GC heap after
{Heap after GC invocations=5 (full 0):
 garbage-first heap   total 522240K, used 23475K [0x0000000603000000, 0x0000000800000000)
  region size 2048K, 4 young (8192K), 4 survivors (8192K)
 Metaspace       used 35571K, capacity 35952K, committed 36048K, reserved 1081344K
  class space    used 4361K, capacity 4534K, committed 4608K, reserved 1048576K
}
Event: 2.360 GC heap before
{Heap before GC invocations=6 (full 0):
 garbage-first heap   total 522240K, used 64435K [0x0000000603000000, 0x0000000800000000)
  region size 2048K, 24 young (49152K), 4 survivors (8192K)
 Metaspace       used 44041K, capacity 44505K, committed 44624K, reserved 1089536K
  class space    used 5209K, capacity 5419K, committed 5504K, reserved 1048576K
}
Event: 2.367 GC heap after
{Heap after GC invocations=7 (full 0):
 garbage-first heap   total 522240K, used 27113K [0x0000000603000000, 0x0000000800000000)
  region size 2048K, 3 young (6144K), 3 survivors (6144K)
 Metaspace       used 44041K, capacity 44505K, committed 44624K, reserved 1089536K
  class space    used 5209K, capacity 5419K, committed 5504K, reserved 1048576K
}
Event: 3.933 GC heap before
{Heap before GC invocations=7 (full 0):
 garbage-first heap   total 522240K, used 125417K [0x0000000603000000, 0x0000000800000000)
  region size 2048K, 50 young (102400K), 3 survivors (6144K)
 Metaspace       used 51601K, capacity 52162K, committed 52432K, reserved 1095680K
  class space    used 5898K, capacity 6116K, committed 6144K, reserved 1048576K
}

Deoptimization events (20 events):
Event: 3.880 Thread 0x000001c420650800 Uncommon trap: trap_request=0xffffff4d fr.pc=0x000001c42be9d060 relative=0x0000000000000c80
Event: 3.880 Thread 0x000001c420650800 Uncommon trap: reason=unstable_if action=reinterpret pc=0x000001c42be9d060 method=org.jetbrains.kotlin.load.java.lazy.descriptors.LazyJavaScope.getContributedVariables(Lorg/jetbrains/kotlin/name/Name;Lorg/jetbrains/kotlin/incremental/components/LookupLoca
Event: 3.880 Thread 0x000001c420650800 DEOPT PACKING pc=0x000001c42be9d060 sp=0x00000059a4cfdb50
Event: 3.880 Thread 0x000001c420650800 DEOPT UNPACKING pc=0x000001c4241ba1af sp=0x00000059a4cfdb10 mode 2
Event: 3.883 Thread 0x000001c420650800 Uncommon trap: trap_request=0xffffffc6 fr.pc=0x000001c42be97620 relative=0x0000000000001000
Event: 3.883 Thread 0x000001c420650800 Uncommon trap: reason=bimorphic_or_optimized_type_check action=maybe_recompile pc=0x000001c42be97620 method=kotlin.collections.CollectionsKt___CollectionsKt.toSet(Ljava/lang/Iterable;)Ljava/util/Set; @ 71 c2
Event: 3.883 Thread 0x000001c420650800 DEOPT PACKING pc=0x000001c42be97620 sp=0x00000059a4cfd7e0
Event: 3.883 Thread 0x000001c420650800 DEOPT UNPACKING pc=0x000001c4241ba1af sp=0x00000059a4cfd7d0 mode 2
Event: 3.887 Thread 0x000001c420650800 Uncommon trap: trap_request=0xffffffc6 fr.pc=0x000001c42be97620 relative=0x0000000000001000
Event: 3.887 Thread 0x000001c420650800 Uncommon trap: reason=bimorphic_or_optimized_type_check action=maybe_recompile pc=0x000001c42be97620 method=kotlin.collections.CollectionsKt___CollectionsKt.toSet(Ljava/lang/Iterable;)Ljava/util/Set; @ 71 c2
Event: 3.887 Thread 0x000001c420650800 DEOPT PACKING pc=0x000001c42be97620 sp=0x00000059a4cfd7e0
Event: 3.887 Thread 0x000001c420650800 DEOPT UNPACKING pc=0x000001c4241ba1af sp=0x00000059a4cfd7d0 mode 2
Event: 3.887 Thread 0x000001c420650800 Uncommon trap: trap_request=0xffffffc6 fr.pc=0x000001c42be97620 relative=0x0000000000001000
Event: 3.887 Thread 0x000001c420650800 Uncommon trap: reason=bimorphic_or_optimized_type_check action=maybe_recompile pc=0x000001c42be97620 method=kotlin.collections.CollectionsKt___CollectionsKt.toSet(Ljava/lang/Iterable;)Ljava/util/Set; @ 71 c2
Event: 3.887 Thread 0x000001c420650800 DEOPT PACKING pc=0x000001c42be97620 sp=0x00000059a4cfd7e0
Event: 3.887 Thread 0x000001c420650800 DEOPT UNPACKING pc=0x000001c4241ba1af sp=0x00000059a4cfd7d0 mode 2
Event: 3.887 Thread 0x000001c420650800 Uncommon trap: trap_request=0xffffffc6 fr.pc=0x000001c42be97620 relative=0x0000000000001000
Event: 3.887 Thread 0x000001c420650800 Uncommon trap: reason=bimorphic_or_optimized_type_check action=maybe_recompile pc=0x000001c42be97620 method=kotlin.collections.CollectionsKt___CollectionsKt.toSet(Ljava/lang/Iterable;)Ljava/util/Set; @ 71 c2
Event: 3.887 Thread 0x000001c420650800 DEOPT PACKING pc=0x000001c42be97620 sp=0x00000059a4cfd7e0
Event: 3.887 Thread 0x000001c420650800 DEOPT UNPACKING pc=0x000001c4241ba1af sp=0x00000059a4cfd7d0 mode 2

Classes redefined (0 events):
No events

Internal exceptions (20 events):
Event: 0.927 Thread 0x000001c420650800 Exception <a 'java/lang/NoSuchMethodError'{0x0000000620275cf0}: 'long java.lang.invoke.DirectMethodHandle$Holder.invokeStaticInit(java.lang.Object)'> (0x0000000620275cf0) thrown at [./src/hotspot/share/interpreter/linkResolver.cpp, line 773]
Event: 0.958 Thread 0x000001c420650800 Exception <a 'java/lang/NoSuchMethodError'{0x0000000622cfb9c0}: 'int java.lang.invoke.DirectMethodHandle$Holder.invokeSpecialIFC(java.lang.Object, java.lang.Object, int)'> (0x0000000622cfb9c0) thrown at [./src/hotspot/share/interpreter/linkResolver.cpp, line 773]
Event: 0.988 Thread 0x000001c420650800 Exception <a 'java/lang/NoSuchMethodError'{0x0000000622bd9ba0}: 'int java.lang.invoke.DirectMethodHandle$Holder.invokeStaticInit(java.lang.Object, java.lang.Object, java.lang.Object)'> (0x0000000622bd9ba0) thrown at [./src/hotspot/share/interpreter/linkResolver.cpp, line 773]
Event: 0.991 Thread 0x000001c420650800 Exception <a 'java/lang/NoSuchMethodError'{0x0000000622805f38}: 'int java.lang.invoke.DirectMethodHandle$Holder.invokeStaticInit(java.lang.Object, java.lang.Object)'> (0x0000000622805f38) thrown at [./src/hotspot/share/interpreter/linkResolver.cpp, line 773]
Event: 1.029 Thread 0x000001c420650800 Exception <a 'java/lang/NoSuchMethodError'{0x000000062261d1c0}: 'void java.lang.invoke.DirectMethodHandle$Holder.invokeSpecial(java.lang.Object, java.lang.Object)'> (0x000000062261d1c0) thrown at [./src/hotspot/share/interpreter/linkResolver.cpp, line 773]
Event: 1.153 Thread 0x000001c420650800 Exception <a 'java/lang/NoSuchMethodError'{0x0000000621ec70a0}: 'java.lang.Object java.lang.invoke.DirectMethodHandle$Holder.invokeStatic(java.lang.Object, java.lang.Object, java.lang.Object, java.lang.Object, java.lang.Object, java.lang.Object, java.lang.Object, java.lang.Object, java.lang.Object, java.lang.Object, java.lang.Object, java.lang.Object, java.lang.Object, java.lang.Object, java.lang.Object)'> (0x0000000621ec70a0) thrown at [./src/hotspot/share/interpreter/linkResolver.cpp, line 773]
Event: 1.154 Thread 0x000001c420650800 Exception <a 'java/lang/NoSuchMethodError'{0x0000000621ed50a8}: 'java.lang.Object java.lang.invoke.DirectMethodHandle$Holder.invokeStatic(java.lang.Object, java.lang.Object, java.lang.Object, java.lang.Object, java.lang.Object, java.lang.Object, java.lang.Object, java.lang.Object, java.lang.Object, java.lang.Object, java.lang.Object, java.lang.Object, java.lang.Object, java.lang.Object, java.lang.Object, java.lang.Object)'> (0x0000000621ed50a8) thrown at [./src/hotspot/share/interpreter/linkResolver.cpp, l
Event: 1.155 Thread 0x000001c420650800 Exception <a 'java/lang/NoSuchMethodError'{0x0000000621ee2fc0}: 'java.lang.Object java.lang.invoke.DirectMethodHandle$Holder.invokeSpecial(java.lang.Object, java.lang.Object, int, int, java.lang.Object, java.lang.Object, java.lang.Object)'> (0x0000000621ee2fc0) thrown at [./src/hotspot/share/interpreter/linkResolver.cpp, line 773]
Event: 1.155 Thread 0x000001c420650800 Exception <a 'java/lang/NoSuchMethodError'{0x0000000621ee67f8}: 'java.lang.Object java.lang.invoke.DelegatingMethodHandle$Holder.reinvoke_L(java.lang.Object, int, int, java.lang.Object, java.lang.Object, java.lang.Object)'> (0x0000000621ee67f8) thrown at [./src/hotspot/share/interpreter/linkResolver.cpp, line 773]
Event: 1.155 Thread 0x000001c420650800 Exception <a 'java/lang/NoSuchMethodError'{0x0000000621eeab80}: 'java.lang.Object java.lang.invoke.DirectMethodHandle$Holder.invokeStatic(java.lang.Object, java.lang.Object, java.lang.Object, java.lang.Object, int)'> (0x0000000621eeab80) thrown at [./src/hotspot/share/interpreter/linkResolver.cpp, line 773]
Event: 1.184 Thread 0x000001c420650800 Exception <a 'java/lang/NoSuchMethodError'{0x0000000621c11600}: 'void java.lang.invoke.DirectMethodHandle$Holder.invokeStatic(java.lang.Object, java.lang.Object, java.lang.Object, java.lang.Object)'> (0x0000000621c11600) thrown at [./src/hotspot/share/interpreter/linkResolver.cpp, line 773]
Event: 1.231 Thread 0x000001c420650800 Exception <a 'java/lang/NoSuchMethodError'{0x0000000621804d00}: 'void java.lang.invoke.DirectMethodHandle$Holder.invokeStaticInit(java.lang.Object, java.lang.Object)'> (0x0000000621804d00) thrown at [./src/hotspot/share/interpreter/linkResolver.cpp, line 773]
Event: 1.286 Thread 0x000001c420650800 Exception <a 'java/lang/NoSuchMethodError'{0x000000062144d0a0}: 'void java.lang.invoke.DirectMethodHandle$Holder.invokeVirtual(java.lang.Object, java.lang.Object)'> (0x000000062144d0a0) thrown at [./src/hotspot/share/interpreter/linkResolver.cpp, line 773]
Event: 1.300 Thread 0x000001c420650800 Exception <a 'java/lang/NoSuchMethodError'{0x0000000621518a40}: 'int java.lang.invoke.DirectMethodHandle$Holder.invokeVirtual(java.lang.Object, java.lang.Object)'> (0x0000000621518a40) thrown at [./src/hotspot/share/interpreter/linkResolver.cpp, line 773]
Event: 1.838 Thread 0x000001c420650800 Exception <a 'java/lang/NoSuchMethodError'{0x00000006224c7be8}: 'java.lang.Object java.lang.invoke.DirectMethodHandle$Holder.invokeVirtual(java.lang.Object, java.lang.Object, java.lang.Object)'> (0x00000006224c7be8) thrown at [./src/hotspot/share/interpreter/linkResolver.cpp, line 773]
Event: 2.376 Thread 0x000001c420650800 Exception <a 'java/lang/NoSuchMethodError'{0x0000000622c60df0}: 'java.lang.Object java.lang.invoke.DirectMethodHandle$Holder.invokeStatic(java.lang.Object, java.lang.Object, java.lang.Object, int)'> (0x0000000622c60df0) thrown at [./src/hotspot/share/interpreter/linkResolver.cpp, line 773]
Event: 2.377 Thread 0x000001c420650800 Exception <a 'java/lang/NoSuchMethodError'{0x0000000622c64a60}: 'java.lang.Object java.lang.invoke.DirectMethodHandle$Holder.invokeSpecial(java.lang.Object, java.lang.Object, java.lang.Object, java.lang.Object, int)'> (0x0000000622c64a60) thrown at [./src/hotspot/share/interpreter/linkResolver.cpp, line 773]
Event: 2.377 Thread 0x000001c420650800 Exception <a 'java/lang/NoSuchMethodError'{0x0000000622c67d70}: 'java.lang.Object java.lang.invoke.Invokers$Holder.linkToTargetMethod(java.lang.Object, java.lang.Object, int, java.lang.Object)'> (0x0000000622c67d70) thrown at [./src/hotspot/share/interpreter/linkResolver.cpp, line 773]
Event: 2.550 Thread 0x000001c420650800 Exception <a 'java/lang/NoSuchMethodError'{0x00000006225765a0}: 'java.lang.Object java.lang.invoke.Invokers$Holder.linkToTargetMethod(java.lang.Object, int, java.lang.Object)'> (0x00000006225765a0) thrown at [./src/hotspot/share/interpreter/linkResolver.cpp, line 773]
Event: 3.099 Thread 0x000001c420650800 Exception <a 'java/lang/NoSuchMethodError'{0x000000061efffb00}: 'java.lang.Object java.lang.invoke.DirectMethodHandle$Holder.invokeStaticInit(java.lang.Object, java.lang.Object, java.lang.Object)'> (0x000000061efffb00) thrown at [./src/hotspot/share/interpreter/linkResolver.cpp, line 773]

Events (20 events):
Event: 3.879 loading class org/jetbrains/kotlin/load/java/structure/impl/JavaFieldImpl done
Event: 3.879 loading class org/jetbrains/kotlin/load/java/structure/impl/JavaMemberImpl
Event: 3.879 loading class org/jetbrains/kotlin/load/java/structure/impl/JavaMemberImpl done
Event: 3.881 loading class org/jetbrains/kotlin/load/java/lazy/descriptors/LazyJavaScope$resolveProperty$1
Event: 3.881 loading class org/jetbrains/kotlin/load/java/lazy/descriptors/LazyJavaScope$resolveProperty$1 done
Event: 3.882 loading class org/jetbrains/kotlin/load/java/lazy/descriptors/LazyJavaScope$resolveProperty$1$1
Event: 3.882 loading class org/jetbrains/kotlin/load/java/lazy/descriptors/LazyJavaScope$resolveProperty$1$1 done
Event: 3.883 loading class org/jetbrains/kotlin/load/java/lazy/descriptors/LazyJavaClassMemberScope$computeNonDeclaredProperties$1
Event: 3.883 loading class org/jetbrains/kotlin/load/java/lazy/descriptors/LazyJavaClassMemberScope$computeNonDeclaredProperties$1 done
Event: 3.883 loading class org/jetbrains/kotlin/load/java/lazy/descriptors/LazyJavaClassMemberScope$computeNonDeclaredProperties$2
Event: 3.883 loading class org/jetbrains/kotlin/load/java/lazy/descriptors/LazyJavaClassMemberScope$computeNonDeclaredProperties$2 done
Event: 3.883 loading class org/jetbrains/kotlin/descriptors/impl/PropertyDescriptorImpl$CopyConfiguration
Event: 3.883 loading class org/jetbrains/kotlin/descriptors/impl/PropertyDescriptorImpl$CopyConfiguration done
Event: 3.890 Executing VM operation: ICBufferFull
Event: 3.890 Executing VM operation: ICBufferFull done
Event: 3.903 loading class org/jetbrains/kotlin/load/java/descriptors/JavaForKotlinOverridePropertyDescriptor
Event: 3.903 loading class org/jetbrains/kotlin/load/java/descriptors/JavaForKotlinOverridePropertyDescriptor done
Event: 3.904 Executing VM operation: Deoptimize
Event: 3.904 Executing VM operation: Deoptimize done
Event: 3.933 Executing VM operation: G1CollectForAllocation


Dynamic libraries:
0x00007ff60bfb0000 - 0x00007ff60bfba000 	C:\Program Files\Android\Android Studio\jre\bin\java.exe
0x00007ffff23d0000 - 0x00007ffff25c8000 	C:\Windows\SYSTEM32\ntdll.dll
0x00007ffff08e0000 - 0x00007ffff099d000 	C:\Windows\System32\KERNEL32.dll
0x00007fffef7e0000 - 0x00007fffef8ff000 	C:\Windows\system32\hmpalert.dll
0x00007fffefbb0000 - 0x00007fffefe7e000 	C:\Windows\System32\KERNELBASE.dll
0x00007ffff0010000 - 0x00007ffff0110000 	C:\Windows\System32\ucrtbase.dll
0x00007fffc9ab0000 - 0x00007fffc9ac9000 	C:\Program Files\Android\Android Studio\jre\bin\jli.dll
0x00007ffff1c20000 - 0x00007ffff1dc0000 	C:\Windows\System32\USER32.dll
0x00007fffc9ad0000 - 0x00007fffc9ae7000 	C:\Program Files\Android\Android Studio\jre\bin\VCRUNTIME140.dll
0x00007ffff0250000 - 0x00007ffff0272000 	C:\Windows\System32\win32u.dll
0x00007ffff1dc0000 - 0x00007ffff1dea000 	C:\Windows\System32\GDI32.dll
0x00007ffff0320000 - 0x00007ffff042b000 	C:\Windows\System32\gdi32full.dll
0x00007ffff0280000 - 0x00007ffff031d000 	C:\Windows\System32\msvcp_win.dll
0x00007fffcdc10000 - 0x00007fffcdeaa000 	C:\Windows\WinSxS\amd64_microsoft.windows.common-controls_6595b64144ccf1df_6.0.19041.1110_none_60b5254171f9507e\COMCTL32.dll
0x00007ffff22d0000 - 0x00007ffff236e000 	C:\Windows\System32\msvcrt.dll
0x00007ffff06a0000 - 0x00007ffff06d0000 	C:\Windows\System32\IMM32.DLL
0x00007fffbddc0000 - 0x00007fffbde5d000 	C:\Program Files\Android\Android Studio\jre\bin\msvcp140.dll
0x00007fff96d80000 - 0x00007fff97882000 	C:\Program Files\Android\Android Studio\jre\bin\server\jvm.dll
0x00007ffff1440000 - 0x00007ffff14ee000 	C:\Windows\System32\ADVAPI32.dll
0x00007ffff15c0000 - 0x00007ffff165c000 	C:\Windows\System32\sechost.dll
0x00007ffff0430000 - 0x00007ffff0555000 	C:\Windows\System32\RPCRT4.dll
0x00007ffff0690000 - 0x00007ffff0698000 	C:\Windows\System32\PSAPI.DLL
0x00007fffe2430000 - 0x00007fffe2439000 	C:\Windows\SYSTEM32\WSOCK32.dll
0x00007fffc9ca0000 - 0x00007fffc9cc7000 	C:\Windows\SYSTEM32\WINMM.dll
0x00007fffe9c90000 - 0x00007fffe9c9a000 	C:\Windows\SYSTEM32\VERSION.dll
0x00007ffff13d0000 - 0x00007ffff143b000 	C:\Windows\System32\WS2_32.dll
0x00007fffee240000 - 0x00007fffee252000 	C:\Windows\SYSTEM32\kernel.appcore.dll
0x00007fffec710000 - 0x00007fffec721000 	C:\Program Files\Android\Android Studio\jre\bin\verify.dll
0x00007fffedf40000 - 0x00007fffee124000 	C:\Windows\SYSTEM32\DBGHELP.DLL
0x00007fffd6800000 - 0x00007fffd682c000 	C:\Windows\SYSTEM32\dbgcore.DLL
0x00007ffff01c0000 - 0x00007ffff0242000 	C:\Windows\System32\bcryptPrimitives.dll
0x00007fffe93c0000 - 0x00007fffe93e9000 	C:\Program Files\Android\Android Studio\jre\bin\java.dll
0x00007fffecc70000 - 0x00007fffecc7b000 	C:\Program Files\Android\Android Studio\jre\bin\jimage.dll
0x00007fffec680000 - 0x00007fffec698000 	C:\Program Files\Android\Android Studio\jre\bin\zip.dll
0x00007ffff0c20000 - 0x00007ffff1363000 	C:\Windows\System32\SHELL32.dll
0x00007fffed6d0000 - 0x00007fffede65000 	C:\Windows\SYSTEM32\windows.storage.dll
0x00007ffff1710000 - 0x00007ffff1a64000 	C:\Windows\System32\combase.dll
0x00007fffef3c0000 - 0x00007fffef3f0000 	C:\Windows\SYSTEM32\Wldp.dll
0x00007ffff0a90000 - 0x00007ffff0b3d000 	C:\Windows\System32\SHCORE.dll
0x00007ffff0880000 - 0x00007ffff08d5000 	C:\Windows\System32\shlwapi.dll
0x00007fffefa30000 - 0x00007fffefa4f000 	C:\Windows\SYSTEM32\profapi.dll
0x00007fffeb1f0000 - 0x00007fffeb20a000 	C:\Program Files\Android\Android Studio\jre\bin\net.dll
0x00007fffddfa0000 - 0x00007fffde0aa000 	C:\Windows\SYSTEM32\WINHTTP.dll
0x00007fffef0c0000 - 0x00007fffef12a000 	C:\Windows\system32\mswsock.dll
0x00007fffe93a0000 - 0x00007fffe93b4000 	C:\Program Files\Android\Android Studio\jre\bin\nio.dll

dbghelp: loaded successfully - version: 4.0.5 - missing functions: none
symbol engine: initialized successfully - sym options: 0x614 - pdb path: .;C:\Program Files\Android\Android Studio\jre\bin;C:\Windows\SYSTEM32;C:\Windows\WinSxS\amd64_microsoft.windows.common-controls_6595b64144ccf1df_6.0.19041.1110_none_60b5254171f9507e;C:\Program Files\Android\Android Studio\jre\bin\server

VM Arguments:
java_command: org.jetbrains.kotlin.cli.jvm.K2JVMCompiler @C:\Users\ahmed.riaz.AFINITI\AndroidStudioProjects\ExpertFinder\app\build\20221101_982459189213716350.compiler.options
java_class_path (initial): C:\Users\ahmed.riaz.AFINITI\.gradle\caches\modules-2\files-2.1\org.jetbrains.kotlin\kotlin-compiler-embeddable\1.7.20\8db18559a581dd2c36ddfd5046af145650f5b126\kotlin-compiler-embeddable-1.7.20.jar;C:\Users\ahmed.riaz.AFINITI\.gradle\caches\modules-2\files-2.1\org.jetbrains.kotlin\kotlin-reflect\1.7.20\12b2501e33bb6373e8e347c86d85481863629381\kotlin-reflect-1.7.20.jar;C:\Users\ahmed.riaz.AFINITI\.gradle\caches\modules-2\files-2.1\org.jetbrains.kotlin\kotlin-stdlib\1.7.20\726594ea9ba2beb2ee113647fefa9a10f9fabe52\kotlin-stdlib-1.7.20.jar;C:\Users\ahmed.riaz.AFINITI\.gradle\caches\modules-2\files-2.1\org.jetbrains.kotlin\kotlin-script-runtime\1.7.20\bcd1cc6f865e632550357fcc59f5ffd532615a8\kotlin-script-runtime-1.7.20.jar;C:\Users\ahmed.riaz.AFINITI\.gradle\caches\modules-2\files-2.1\org.jetbrains.kotlin\kotlin-daemon-embeddable\1.7.20\1e24355adad8d529d75d5b19eab55484057431ba\kotlin-daemon-embeddable-1.7.20.jar;C:\Users\ahmed.riaz.AFINITI\.gradle\caches\modules-2\files-2.1\org.jetbrains.intellij.deps\trove4j\1.0.20200330\3afb14d5f9ceb459d724e907a21145e8ff394f02\trove4j-1.0.20200330.jar;C:\Users\ahmed.riaz.AFINITI\.gradle\caches\modules-2\files-2.1\net.java.dev.jna\jna\5.6.0\330f2244e9030119ab3030fc3fededc86713d9cc\jna-5.6.0.jar;C:\Users\ahmed.riaz.AFINITI\.gradle\caches\modules-2\files-2.1\org.jetbrains.kotlin\kotlin-stdlib-common\1.7.20\e15351bdaf9fa06f009be5da7a202e4184f00ae3\kotlin-stdlib-common-1.7.20.jar;C:\Users\ahmed.riaz.AFINITI\.gradle\caches\modules-2\files-2.1\org.jetbrains\annotations\13.0\919f0dfe192fb4e063e7dacadee7f8bb9a2672a9\annotations-13.0.jar
Launcher Type: SUN_STANDARD

[Global flags]
     intx CICompilerCount                          = 4                                         {product} {ergonomic}
     uint ConcGCThreads                            = 2                                         {product} {ergonomic}
     uint G1ConcRefinementThreads                  = 8                                         {product} {ergonomic}
   size_t G1HeapRegionSize                         = 2097152                                   {product} {ergonomic}
    uintx GCDrainStackTargetSize                   = 64                                        {product} {ergonomic}
   size_t InitialHeapSize                          = 534773760                                 {product} {ergonomic}
   size_t MarkStackSize                            = 4194304                                   {product} {ergonomic}
   size_t MaxHeapSize                              = 8539602944                                {product} {ergonomic}
   size_t MaxNewSize                               = 5123342336                                {product} {ergonomic}
   size_t MinHeapDeltaBytes                        = 2097152                                   {product} {ergonomic}
    uintx NonNMethodCodeHeapSize                   = 5836300                                {pd product} {ergonomic}
    uintx NonProfiledCodeHeapSize                  = 122910970                              {pd product} {ergonomic}
    uintx ProfiledCodeHeapSize                     = 122910970                              {pd product} {ergonomic}
    uintx ReservedCodeCacheSize                    = 251658240                              {pd product} {ergonomic}
     bool SegmentedCodeCache                       = true                                      {product} {ergonomic}
     bool UseCompressedClassPointers               = true                                 {lp64_product} {ergonomic}
     bool UseCompressedOops                        = true                                 {lp64_product} {ergonomic}
     bool UseG1GC                                  = true                                      {product} {ergonomic}
     bool UseLargePagesIndividualAllocation        = false                                  {pd product} {ergonomic}

Logging:
Log output configuration:
 #0: stdout all=warning uptime,level,tags
 #1: stderr all=off uptime,level,tags

Environment Variables:
PATH=C:\Program Files\Eclipse Foundation\jdk-8.0.302.8-hotspot\bin;C:\Program Files (x86)\VMware\VMware Workstation\bin\;C:\Windows\system32;C:\Windows;C:\Windows\System32\Wbem;C:\Windows\System32\WindowsPowerShell\v1.0\;C:\Windows\System32\OpenSSH\;C:\Program Files\dotnet\;C:\Program Files\Microsoft SQL Server\130\Tools\Binn\;C:\Program Files\Microsoft SQL Server\Client SDK\ODBC\170\Tools\Binn\;C:\Strawberry\perl\bin;C:\Strawberry\perl\site\bin;C:\Strawberry\c\bin;C:\Users\ahmed.riaz.AFINITI\AppData\Roaming\Microsoft\Windows\Start Menu\Programs\Netwide Assembler 2.15.05;C:\Program Files\TortoiseGit\bin;C:\Program Files\nodejs\;C:\ProgramData\chocolatey\bin;C:\Program Files (x86)\dotnet\;C:\Users\ahmed.riaz.AFINITI\AppData\Local\Microsoft\WindowsApps;C:\Users\ahmed.riaz.AFINITI\AppData\Local\Programs\Git\cmd;C:\Users\ahmed.riaz.AFINITI\.dotnet\tools;C:\Users\ahmed.riaz.AFINITI\AppData\Local\Programs\Microsoft VS Code\bin;C:\Users\ahmed.riaz.AFINITI\AppData\Roaming\npm;C:\Program Files\CMake\bin
USERNAME=Ahmed.Riaz
OS=Windows_NT
PROCESSOR_IDENTIFIER=Intel64 Family 6 Model 142 Stepping 12, GenuineIntel



---------------  S Y S T E M  ---------------

OS: Windows 10 , 64 bit Build 19041 (10.0.19041.1889)
OS uptime: 28 days 21:35 hours

CPU:total 8 (initial active 8) (4 cores per cpu, 2 threads per core) family 6 model 142 stepping 12 microcode 0xea, cmov, cx8, fxsr, mmx, sse, sse2, sse3, ssse3, sse4.1, sse4.2, popcnt, avx, avx2, aes, clmul, erms, 3dnowpref, lzcnt, ht, tsc, tscinvbit, bmi1, bmi2, adx, fma

Memory: 4k page, system-wide physical 32574M (2408M free)
TotalPageFile size 32574M (AvailPageFile size 91M)
current process WorkingSet (physical memory assigned to process): 329M, peak: 329M
current process commit charge ("private bytes"): 740M, peak: 842M

vm_info: OpenJDK 64-Bit Server VM (11.0.13+0-b1751.21-8125866) for windows-amd64 JRE (11.0.13+0-b1751.21-8125866), built on Feb  2 2022 03:00:22 by "builder" with MS VC++ 14.0 (VS2015)

END.
